Error: Cannot find module './lib/express'
    at Function.Module._resolveFilename (module.js:469:15)
    at Function.Module._load (module.js:417:25)
    at Module.require (module.js:497:17)
    at require (internal/module.js:20:19)
    at Object.<anonymous> (/root/node_modules/express/index.js:11:18)
    at Module._compile (module.js:570:32)
    at Object.Module._extensions..js (module.js:579:10)
    at Module.load (module.js:487:32)
    at tryModuleLoad (module.js:446:12)
    at Function.Module._load (module.js:438:3)
Error: Cannot find module './lib/express'
    at Function.Module._resolveFilename (module.js:469:15)
    at Function.Module._load (module.js:417:25)
    at Module.require (module.js:497:17)
    at require (internal/module.js:20:19)
    at Object.<anonymous> (/root/node_modules/express/index.js:11:18)
    at Module._compile (module.js:570:32)
    at Object.Module._extensions..js (module.js:579:10)
    at Module.load (module.js:487:32)
    at tryModuleLoad (module.js:446:12)
    at Function.Module._load (module.js:438:3)
Error: Cannot find module './lib/express'
    at Function.Module._resolveFilename (module.js:469:15)
    at Function.Module._load (module.js:417:25)
    at Module.require (module.js:497:17)
    at require (internal/module.js:20:19)
    at Object.<anonymous> (/root/node_modules/express/index.js:11:18)
    at Module._compile (module.js:570:32)
    at Object.Module._extensions..js (module.js:579:10)
    at Module.load (module.js:487:32)
    at tryModuleLoad (module.js:446:12)
    at Function.Module._load (module.js:438:3)
Error: Cannot find module './lib/express'
    at Function.Module._resolveFilename (module.js:469:15)
    at Function.Module._load (module.js:417:25)
    at Module.require (module.js:497:17)
    at require (internal/module.js:20:19)
    at Object.<anonymous> (/root/node_modules/express/index.js:11:18)
    at Module._compile (module.js:570:32)
    at Object.Module._extensions..js (module.js:579:10)
    at Module.load (module.js:487:32)
    at tryModuleLoad (module.js:446:12)
    at Function.Module._load (module.js:438:3)
Error: Cannot find module './lib/express'
    at Function.Module._resolveFilename (module.js:469:15)
    at Function.Module._load (module.js:417:25)
    at Module.require (module.js:497:17)
    at require (internal/module.js:20:19)
    at Object.<anonymous> (/root/node_modules/express/index.js:11:18)
    at Module._compile (module.js:570:32)
    at Object.Module._extensions..js (module.js:579:10)
    at Module.load (module.js:487:32)
    at tryModuleLoad (module.js:446:12)
    at Function.Module._load (module.js:438:3)
Error: Cannot find module './lib/express'
    at Function.Module._resolveFilename (module.js:469:15)
    at Function.Module._load (module.js:417:25)
    at Module.require (module.js:497:17)
    at require (internal/module.js:20:19)
    at Object.<anonymous> (/root/node_modules/express/index.js:11:18)
    at Module._compile (module.js:570:32)
    at Object.Module._extensions..js (module.js:579:10)
    at Module.load (module.js:487:32)
    at tryModuleLoad (module.js:446:12)
    at Function.Module._load (module.js:438:3)
Error: Cannot find module './lib/express'
    at Function.Module._resolveFilename (module.js:469:15)
    at Function.Module._load (module.js:417:25)
    at Module.require (module.js:497:17)
    at require (internal/module.js:20:19)
    at Object.<anonymous> (/root/node_modules/express/index.js:11:18)
    at Module._compile (module.js:570:32)
    at Object.Module._extensions..js (module.js:579:10)
    at Module.load (module.js:487:32)
    at tryModuleLoad (module.js:446:12)
    at Function.Module._load (module.js:438:3)
Error: Cannot find module './lib/express'
    at Function.Module._resolveFilename (module.js:469:15)
    at Function.Module._load (module.js:417:25)
    at Module.require (module.js:497:17)
    at require (internal/module.js:20:19)
    at Object.<anonymous> (/root/node_modules/express/index.js:11:18)
    at Module._compile (module.js:570:32)
    at Object.Module._extensions..js (module.js:579:10)
    at Module.load (module.js:487:32)
    at tryModuleLoad (module.js:446:12)
    at Function.Module._load (module.js:438:3)
Error: Cannot find module './lib/express'
    at Function.Module._resolveFilename (module.js:469:15)
    at Function.Module._load (module.js:417:25)
    at Module.require (module.js:497:17)
    at require (internal/module.js:20:19)
    at Object.<anonymous> (/root/node_modules/express/index.js:11:18)
    at Module._compile (module.js:570:32)
    at Object.Module._extensions..js (module.js:579:10)
    at Module.load (module.js:487:32)
    at tryModuleLoad (module.js:446:12)
    at Function.Module._load (module.js:438:3)
Error: Cannot find module './lib/express'
    at Function.Module._resolveFilename (module.js:469:15)
    at Function.Module._load (module.js:417:25)
    at Module.require (module.js:497:17)
    at require (internal/module.js:20:19)
    at Object.<anonymous> (/root/node_modules/express/index.js:11:18)
    at Module._compile (module.js:570:32)
    at Object.Module._extensions..js (module.js:579:10)
    at Module.load (module.js:487:32)
    at tryModuleLoad (module.js:446:12)
    at Function.Module._load (module.js:438:3)
Error: Cannot find module './lib/express'
    at Function.Module._resolveFilename (module.js:469:15)
    at Function.Module._load (module.js:417:25)
    at Module.require (module.js:497:17)
    at require (internal/module.js:20:19)
    at Object.<anonymous> (/root/node_modules/express/index.js:11:18)
    at Module._compile (module.js:570:32)
    at Object.Module._extensions..js (module.js:579:10)
    at Module.load (module.js:487:32)
    at tryModuleLoad (module.js:446:12)
    at Function.Module._load (module.js:438:3)
Error: Cannot find module './lib/express'
    at Function.Module._resolveFilename (module.js:469:15)
    at Function.Module._load (module.js:417:25)
    at Module.require (module.js:497:17)
    at require (internal/module.js:20:19)
    at Object.<anonymous> (/root/node_modules/express/index.js:11:18)
    at Module._compile (module.js:570:32)
    at Object.Module._extensions..js (module.js:579:10)
    at Module.load (module.js:487:32)
    at tryModuleLoad (module.js:446:12)
    at Function.Module._load (module.js:438:3)
Error: Cannot find module './lib/express'
    at Function.Module._resolveFilename (module.js:469:15)
    at Function.Module._load (module.js:417:25)
    at Module.require (module.js:497:17)
    at require (internal/module.js:20:19)
    at Object.<anonymous> (/root/node_modules/express/index.js:11:18)
    at Module._compile (module.js:570:32)
    at Object.Module._extensions..js (module.js:579:10)
    at Module.load (module.js:487:32)
    at tryModuleLoad (module.js:446:12)
    at Function.Module._load (module.js:438:3)
Error: Cannot find module './lib/express'
    at Function.Module._resolveFilename (module.js:469:15)
    at Function.Module._load (module.js:417:25)
    at Module.require (module.js:497:17)
    at require (internal/module.js:20:19)
    at Object.<anonymous> (/root/node_modules/express/index.js:11:18)
    at Module._compile (module.js:570:32)
    at Object.Module._extensions..js (module.js:579:10)
    at Module.load (module.js:487:32)
    at tryModuleLoad (module.js:446:12)
    at Function.Module._load (module.js:438:3)
Error: Cannot find module './lib/express'
    at Function.Module._resolveFilename (module.js:469:15)
    at Function.Module._load (module.js:417:25)
    at Module.require (module.js:497:17)
    at require (internal/module.js:20:19)
    at Object.<anonymous> (/root/node_modules/express/index.js:11:18)
    at Module._compile (module.js:570:32)
    at Object.Module._extensions..js (module.js:579:10)
    at Module.load (module.js:487:32)
    at tryModuleLoad (module.js:446:12)
    at Function.Module._load (module.js:438:3)
Error: Cannot find module './lib/express'
    at Function.Module._resolveFilename (module.js:469:15)
    at Function.Module._load (module.js:417:25)
    at Module.require (module.js:497:17)
    at require (internal/module.js:20:19)
    at Object.<anonymous> (/root/node_modules/express/index.js:11:18)
    at Module._compile (module.js:570:32)
    at Object.Module._extensions..js (module.js:579:10)
    at Module.load (module.js:487:32)
    at tryModuleLoad (module.js:446:12)
    at Function.Module._load (module.js:438:3)
Error: Invalid password
    at Object.module.exports.generate (/root/node_modules/password-hash/lib/password-hash.js:43:42)
    at Object.module.exports [as register] (/root/routes/register.js:7:28)
    at app.post (/root/app.js:20:48)
    at Layer.handle [as handle_request] (/root/node_modules/express/lib/router/layer.js:95:5)
    at next (/root/node_modules/express/lib/router/route.js:137:13)
    at Route.dispatch (/root/node_modules/express/lib/router/route.js:112:3)
    at Layer.handle [as handle_request] (/root/node_modules/express/lib/router/layer.js:95:5)
    at /root/node_modules/express/lib/router/index.js:281:22
    at Function.process_params (/root/node_modules/express/lib/router/index.js:335:12)
    at next (/root/node_modules/express/lib/router/index.js:275:10)
    at serveStatic (/root/node_modules/serve-static/index.js:75:16)
    at Layer.handle [as handle_request] (/root/node_modules/express/lib/router/layer.js:95:5)
    at trim_prefix (/root/node_modules/express/lib/router/index.js:317:13)
    at /root/node_modules/express/lib/router/index.js:284:7
    at Function.process_params (/root/node_modules/express/lib/router/index.js:335:12)
    at next (/root/node_modules/express/lib/router/index.js:275:10)
Error: Invalid password
    at Object.module.exports.generate (/root/node_modules/password-hash/lib/password-hash.js:43:42)
    at Object.module.exports [as register] (/root/routes/register.js:7:28)
    at app.post (/root/app.js:20:48)
    at Layer.handle [as handle_request] (/root/node_modules/express/lib/router/layer.js:95:5)
    at next (/root/node_modules/express/lib/router/route.js:137:13)
    at Route.dispatch (/root/node_modules/express/lib/router/route.js:112:3)
    at Layer.handle [as handle_request] (/root/node_modules/express/lib/router/layer.js:95:5)
    at /root/node_modules/express/lib/router/index.js:281:22
    at Function.process_params (/root/node_modules/express/lib/router/index.js:335:12)
    at next (/root/node_modules/express/lib/router/index.js:275:10)
    at serveStatic (/root/node_modules/serve-static/index.js:75:16)
    at Layer.handle [as handle_request] (/root/node_modules/express/lib/router/layer.js:95:5)
    at trim_prefix (/root/node_modules/express/lib/router/index.js:317:13)
    at /root/node_modules/express/lib/router/index.js:284:7
    at Function.process_params (/root/node_modules/express/lib/router/index.js:335:12)
    at next (/root/node_modules/express/lib/router/index.js:275:10)
Error: Invalid password
    at Object.module.exports.generate (/root/node_modules/password-hash/lib/password-hash.js:43:42)
    at Object.module.exports [as register] (/root/routes/register.js:7:28)
    at app.post (/root/app.js:20:48)
    at Layer.handle [as handle_request] (/root/node_modules/express/lib/router/layer.js:95:5)
    at next (/root/node_modules/express/lib/router/route.js:137:13)
    at Route.dispatch (/root/node_modules/express/lib/router/route.js:112:3)
    at Layer.handle [as handle_request] (/root/node_modules/express/lib/router/layer.js:95:5)
    at /root/node_modules/express/lib/router/index.js:281:22
    at Function.process_params (/root/node_modules/express/lib/router/index.js:335:12)
    at next (/root/node_modules/express/lib/router/index.js:275:10)
    at serveStatic (/root/node_modules/serve-static/index.js:75:16)
    at Layer.handle [as handle_request] (/root/node_modules/express/lib/router/layer.js:95:5)
    at trim_prefix (/root/node_modules/express/lib/router/index.js:317:13)
    at /root/node_modules/express/lib/router/index.js:284:7
    at Function.process_params (/root/node_modules/express/lib/router/index.js:335:12)
    at next (/root/node_modules/express/lib/router/index.js:275:10)
Error: Invalid password
    at Object.module.exports.generate (/root/node_modules/password-hash/lib/password-hash.js:43:42)
    at Object.module.exports [as register] (/root/routes/register.js:8:28)
    at app.post (/root/app.js:20:48)
    at Layer.handle [as handle_request] (/root/node_modules/express/lib/router/layer.js:95:5)
    at next (/root/node_modules/express/lib/router/route.js:137:13)
    at Route.dispatch (/root/node_modules/express/lib/router/route.js:112:3)
    at Layer.handle [as handle_request] (/root/node_modules/express/lib/router/layer.js:95:5)
    at /root/node_modules/express/lib/router/index.js:281:22
    at Function.process_params (/root/node_modules/express/lib/router/index.js:335:12)
    at next (/root/node_modules/express/lib/router/index.js:275:10)
    at serveStatic (/root/node_modules/serve-static/index.js:75:16)
    at Layer.handle [as handle_request] (/root/node_modules/express/lib/router/layer.js:95:5)
    at trim_prefix (/root/node_modules/express/lib/router/index.js:317:13)
    at /root/node_modules/express/lib/router/index.js:284:7
    at Function.process_params (/root/node_modules/express/lib/router/index.js:335:12)
    at next (/root/node_modules/express/lib/router/index.js:275:10)
