Running on port 80... --- 09:16:49
connected to db
Running on port 80... --- 09:23:03
connected to db
Running on port 80... --- 09:49:57
connected to db
Running on port 80... --- 13:23:48
connected to db
undefined
undefined
undefined
undefined
undefined
undefined
undefined
undefined
undefined
undefined
bear.jpg
undefined
undefined
undefined
undefined
undefined
undefined
undefined
undefined
undefined
bear.jpg
undefined
undefined
undefined
undefined
undefined
undefined
towel.png
umbrella.png
undefined
bear.jpg
undefined
undefined
undefined
undefined
undefined
undefined
towel.png
umbrella.png
undefined
bear.jpg
undefined
undefined
undefined
undefined
termos.png
undefined
towel.png
umbrella.png
undefined
bear.jpg
undefined
undefined
undefined
undefined
termos.png
undefined
towel.png
umbrella.png
undefined
bear.jpg
paul.png
undefined
undefined
undefined
termos.png
termos.png
towel.png
umbrella.png
undefined
bear.jpg
paul.png
undefined
undefined
undefined
termos.png
termos.png
towel.png
umbrella.png
undefined
bear.jpg
paul.jpg
undefined
undefined
undefined
termos.png
termos.png
towel.png
umbrella.png
undefined
bear.jpg
paul.jpg
undefined
undefined
undefined
termos.png
termos.png
towel.png
umbrella.png
undefined
bear.jpg
paul.jpg
undefined
undefined
undefined
termos.png
termos.png
towel.png
umbrella.png
undefined
bear.jpg
paul.jpg
victor.jpg
undefined
undefined
termos.png
termos.png
towel.png
umbrella.png
undefined
bear.jpg
paul.jpg
victor.jpg
undefined
undefined
termos.png
termos.png
towel.png
umbrella.png
undefined
bear.jpg
paul.jpg
victor.jpg
undefined
undefined
termos.png
termos.png
towel.png
umbrella.png
undefined
bear.jpg
paul.jpg
victor.jpg
bmw6.jpg
undefined
termos.png
termos.png
towel.png
umbrella.png
undefined
bear.jpg
paul.jpg
victor.jpg
bmw6.jpg
bmwz4.png
termos.png
termos.png
towel.png
umbrella.png
undefined
bear.jpg
paul.jpg
victor.jpg
bmw6.jpg
bmwz4.png
termos.png
termos.png
towel.png
umbrella.png
basic.png
bear.jpg
paul.jpg
victor.jpg
bmw6.jpg
bmwz4.png
termos.png
termos.png
towel.png
umbrella.png
basic.png
bear.jpg
paul.jpg
victor.jpg
bmw6.jpg
bmwz4.png
termos.png
termos.png
towel.png
umbrella.png
basic.png
Running on port 80... --- 19:18:32
connected to db
Running on port 80... --- 19:21:46
connected to db
undefined
admin777
Running on port 80... --- 19:23:37
connected to db
index.html

gifts.html
index.html
region.html?id=5957ed35ebfadb12f49ef15c
index.html
index.html

index.html

index.html

gifts.html
index.html
index.html
gifts.html
bear.jpg
paul.jpg
victor.jpg
bmw6.jpg
bmwz4.png
termos.png
termos.png
towel.png
umbrella.png
basic.png
bear.jpg
paul.jpg
victor.jpg
bmw6.jpg
bmwz4.png
termos.png
termos.png
towel.png
umbrella.png
basic.png
bear.jpg
paul.jpg
victor.jpg
bmw6.jpg
bmwz4.png
termos.png
termos.png
towel.png
umbrella.png
basic.png
bear.jpg
paul.jpg
victor.jpg
bmw6.jpg
bmwz4.png
termos.png
termos.png
towel.png
umbrella.png
basic.png
bear.jpg
paul.jpg
victor.jpg
bmw6.jpg
bmwz4.png
termos.png
termos.png
towel.png
umbrella.png
basic.png
bear.jpg
paul.jpg
victor.jpg
bmw6.jpg
bmwz4.png
termos.png
termos.png
towel.png
umbrella.png
basic.png
РУДДЩ
bear.jpg
paul.jpg
victor.jpg
bmw6.jpg
bmwz4.png
termos.png
termos.png
towel.png
umbrella.png
basic.png
59D79731F84F8953372F186C
